# JRE version: Java(TM) SE Runtime Environment (8.0_391) (build 1.8.0_391-b26)
# Java VM: Java HotSpot(TM) 64-Bit Server VM (25.391-b26 mixed mode windows-amd64 compressed oops)
Heap:
 PSYoungGen      total 150016K, used 84179K [0x0000000718c00000, 0x0000000723300000, 0x00000007c0000000)
  eden space 129024K, 48% used [0x0000000718c00000,0x000000071c9bb808,0x0000000720a00000)
  from space 20992K, 99% used [0x0000000721e80000,0x00000007232f95f8,0x0000000723300000)
  to   space 20992K, 0% used [0x0000000720a00000,0x0000000720a00000,0x0000000721e80000)
 ParOldGen       total 343040K, used 691K [0x00000005ca400000, 0x00000005df300000, 0x0000000718c00000)
  object space 343040K, 0% used [0x00000005ca400000,0x00000005ca4ace10,0x00000005df300000)
 Metaspace       used 10680K, capacity 10776K, committed 10880K, reserved 1058816K
  class space    used 1106K, capacity 1140K, committed 1152K, reserved 1048576K
GC Heap History (4 events):
Event: 635.505 GC heap before
{Heap before GC invocations=1 (full 0):
 PSYoungGen      total 150016K, used 129024K [0x0000000718c00000, 0x0000000723300000, 0x00000007c0000000)
  eden space 129024K, 100% used [0x0000000718c00000,0x0000000720a00000,0x0000000720a00000)
  from space 20992K, 0% used [0x0000000721e80000,0x0000000721e80000,0x0000000723300000)
  to   space 20992K, 0% used [0x0000000720a00000,0x0000000720a00000,0x0000000721e80000)
 ParOldGen       total 343040K, used 0K [0x00000005ca400000, 0x00000005df300000, 0x0000000718c00000)
  object space 343040K, 0% used [0x00000005ca400000,0x00000005ca400000,0x00000005df300000)
 Metaspace       used 10060K, capacity 10312K, committed 10368K, reserved 1058816K
  class space    used 1095K, capacity 1140K, committed 1152K, reserved 1048576K
Event: 635.524 GC heap after
Heap after GC invocations=1 (full 0):
 PSYoungGen      total 150016K, used 12961K [0x0000000718c00000, 0x0000000723300000, 0x00000007c0000000)
  eden space 129024K, 0% used [0x0000000718c00000,0x0000000718c00000,0x0000000720a00000)
  from space 20992K, 61% used [0x0000000720a00000,0x00000007216a87c8,0x0000000721e80000)
  to   space 20992K, 0% used [0x0000000721e80000,0x0000000721e80000,0x0000000723300000)
 ParOldGen       total 343040K, used 24K [0x00000005ca400000, 0x00000005df300000, 0x0000000718c00000)
  object space 343040K, 0% used [0x00000005ca400000,0x00000005ca406000,0x00000005df300000)
 Metaspace       used 10060K, capacity 10312K, committed 10368K, reserved 1058816K
  class space    used 1095K, capacity 1140K, committed 1152K, reserved 1048576K
}
Event: 1898.524 GC heap before
{Heap before GC invocations=2 (full 0):
 PSYoungGen      total 150016K, used 141985K [0x0000000718c00000, 0x0000000723300000, 0x00000007c0000000)
  eden space 129024K, 100% used [0x0000000718c00000,0x0000000720a00000,0x0000000720a00000)
  from space 20992K, 61% used [0x0000000720a00000,0x00000007216a87c8,0x0000000721e80000)
  to   space 20992K, 0% used [0x0000000721e80000,0x0000000721e80000,0x0000000723300000)
 ParOldGen       total 343040K, used 24K [0x00000005ca400000, 0x00000005df300000, 0x0000000718c00000)
  object space 343040K, 0% used [0x00000005ca400000,0x00000005ca406000,0x00000005df300000)
 Metaspace       used 10523K, capacity 10632K, committed 10880K, reserved 1058816K
  class space    used 1102K, capacity 1140K, committed 1152K, reserved 1048576K
Event: 1898.551 GC heap after
Heap after GC invocations=2 (full 0):
 PSYoungGen      total 150016K, used 20965K [0x0000000718c00000, 0x0000000723300000, 0x00000007c0000000)
  eden space 129024K, 0% used [0x0000000718c00000,0x0000000718c00000,0x0000000720a00000)
  from space 20992K, 99% used [0x0000000721e80000,0x00000007232f95f8,0x0000000723300000)
  to   space 20992K, 0% used [0x0000000720a00000,0x0000000720a00000,0x0000000721e80000)
 ParOldGen       total 343040K, used 691K [0x00000005ca400000, 0x00000005df300000, 0x0000000718c00000)
  object space 343040K, 0% used [0x00000005ca400000,0x00000005ca4ace10,0x00000005df300000)
 Metaspace       used 10523K, capacity 10632K, committed 10880K, reserved 1058816K
  class space    used 1102K, capacity 1140K, committed 1152K, reserved 1048576K
}

