# JRE version: Java(TM) SE Runtime Environment (8.0_391) (build 1.8.0_391-b26)
# Java VM: Java HotSpot(TM) 64-Bit Server VM (25.391-b26 mixed mode windows-amd64 compressed oops)
Heap:
 PSYoungGen      total 150016K, used 29321K [0x0000000718c00000, 0x0000000723300000, 0x00000007c0000000)
  eden space 129024K, 6% used [0x0000000718c00000,0x00000007194cfdc8,0x0000000720a00000)
  from space 20992K, 96% used [0x0000000721e80000,0x0000000723252888,0x0000000723300000)
  to   space 20992K, 0% used [0x0000000720a00000,0x0000000720a00000,0x0000000721e80000)
 ParOldGen       total 343040K, used 40K [0x00000005ca400000, 0x00000005df300000, 0x0000000718c00000)
  object space 343040K, 0% used [0x00000005ca400000,0x00000005ca40a000,0x00000005df300000)
 Metaspace       used 10516K, capacity 10632K, committed 10880K, reserved 1058816K
  class space    used 1102K, capacity 1140K, committed 1152K, reserved 1048576K
GC Heap History (4 events):
Event: 764.690 GC heap before
{Heap before GC invocations=1 (full 0):
 PSYoungGen      total 150016K, used 129024K [0x0000000718c00000, 0x0000000723300000, 0x00000007c0000000)
  eden space 129024K, 100% used [0x0000000718c00000,0x0000000720a00000,0x0000000720a00000)
  from space 20992K, 0% used [0x0000000721e80000,0x0000000721e80000,0x0000000723300000)
  to   space 20992K, 0% used [0x0000000720a00000,0x0000000720a00000,0x0000000721e80000)
 ParOldGen       total 343040K, used 0K [0x00000005ca400000, 0x00000005df300000, 0x0000000718c00000)
  object space 343040K, 0% used [0x00000005ca400000,0x00000005ca400000,0x00000005df300000)
 Metaspace       used 10074K, capacity 10312K, committed 10368K, reserved 1058816K
  class space    used 1098K, capacity 1140K, committed 1152K, reserved 1048576K
Event: 764.711 GC heap after
Heap after GC invocations=1 (full 0):
 PSYoungGen      total 150016K, used 13739K [0x0000000718c00000, 0x0000000723300000, 0x00000007c0000000)
  eden space 129024K, 0% used [0x0000000718c00000,0x0000000718c00000,0x0000000720a00000)
  from space 20992K, 65% used [0x0000000720a00000,0x000000072176adf0,0x0000000721e80000)
  to   space 20992K, 0% used [0x0000000721e80000,0x0000000721e80000,0x0000000723300000)
 ParOldGen       total 343040K, used 24K [0x00000005ca400000, 0x00000005df300000, 0x0000000718c00000)
  object space 343040K, 0% used [0x00000005ca400000,0x00000005ca406000,0x00000005df300000)
 Metaspace       used 10074K, capacity 10312K, committed 10368K, reserved 1058816K
  class space    used 1098K, capacity 1140K, committed 1152K, reserved 1048576K
}
Event: 1385.979 GC heap before
{Heap before GC invocations=2 (full 0):
 PSYoungGen      total 150016K, used 142763K [0x0000000718c00000, 0x0000000723300000, 0x00000007c0000000)
  eden space 129024K, 100% used [0x0000000718c00000,0x0000000720a00000,0x0000000720a00000)
  from space 20992K, 65% used [0x0000000720a00000,0x000000072176adf0,0x0000000721e80000)
  to   space 20992K, 0% used [0x0000000721e80000,0x0000000721e80000,0x0000000723300000)
 ParOldGen       total 343040K, used 24K [0x00000005ca400000, 0x00000005df300000, 0x0000000718c00000)
  object space 343040K, 0% used [0x00000005ca400000,0x00000005ca406000,0x00000005df300000)
 Metaspace       used 10488K, capacity 10632K, committed 10880K, reserved 1058816K
  class space    used 1102K, capacity 1140K, committed 1152K, reserved 1048576K
Event: 1386.006 GC heap after
Heap after GC invocations=2 (full 0):
 PSYoungGen      total 150016K, used 20298K [0x0000000718c00000, 0x0000000723300000, 0x00000007c0000000)
  eden space 129024K, 0% used [0x0000000718c00000,0x0000000718c00000,0x0000000720a00000)
  from space 20992K, 96% used [0x0000000721e80000,0x0000000723252888,0x0000000723300000)
  to   space 20992K, 0% used [0x0000000720a00000,0x0000000720a00000,0x0000000721e80000)
 ParOldGen       total 343040K, used 40K [0x00000005ca400000, 0x00000005df300000, 0x0000000718c00000)
  object space 343040K, 0% used [0x00000005ca400000,0x00000005ca40a000,0x00000005df300000)
 Metaspace       used 10488K, capacity 10632K, committed 10880K, reserved 1058816K
  class space    used 1102K, capacity 1140K, committed 1152K, reserved 1048576K
}

