# JRE version: Java(TM) SE Runtime Environment (8.0_391) (build 1.8.0_391-b26)
# Java VM: Java HotSpot(TM) 64-Bit Server VM (25.391-b26 mixed mode windows-amd64 compressed oops)
Heap:
 PSYoungGen      total 73728K, used 51178K [0x000000076e180000, 0x0000000773380000, 0x00000007c0000000)
  eden space 63488K, 64% used [0x000000076e180000,0x0000000770982020,0x0000000771f80000)
  from space 10240K, 99% used [0x0000000772980000,0x00000007733789b8,0x0000000773380000)
  to   space 10240K, 0% used [0x0000000771f80000,0x0000000771f80000,0x0000000772980000)
 ParOldGen       total 167936K, used 1930K [0x00000006ca400000, 0x00000006d4800000, 0x000000076e180000)
  object space 167936K, 1% used [0x00000006ca400000,0x00000006ca5e2960,0x00000006d4800000)
 Metaspace       used 10102K, capacity 10344K, committed 10624K, reserved 1058816K
  class space    used 1071K, capacity 1108K, committed 1152K, reserved 1048576K
GC Heap History (4 events):
Event: 371.546 GC heap before
{Heap before GC invocations=1 (full 0):
 PSYoungGen      total 73728K, used 63488K [0x000000076e180000, 0x0000000773380000, 0x00000007c0000000)
  eden space 63488K, 100% used [0x000000076e180000,0x0000000771f80000,0x0000000771f80000)
  from space 10240K, 0% used [0x0000000772980000,0x0000000772980000,0x0000000773380000)
  to   space 10240K, 0% used [0x0000000771f80000,0x0000000771f80000,0x0000000772980000)
 ParOldGen       total 167936K, used 0K [0x00000006ca400000, 0x00000006d4800000, 0x000000076e180000)
  object space 167936K, 0% used [0x00000006ca400000,0x00000006ca400000,0x00000006d4800000)
 Metaspace       used 9443K, capacity 9768K, committed 9856K, reserved 1058816K
  class space    used 1059K, capacity 1108K, committed 1152K, reserved 1048576K
Event: 371.569 GC heap after
Heap after GC invocations=1 (full 0):
 PSYoungGen      total 73728K, used 10215K [0x000000076e180000, 0x0000000773380000, 0x00000007c0000000)
  eden space 63488K, 0% used [0x000000076e180000,0x000000076e180000,0x0000000771f80000)
  from space 10240K, 99% used [0x0000000771f80000,0x0000000772979d38,0x0000000772980000)
  to   space 10240K, 0% used [0x0000000772980000,0x0000000772980000,0x0000000773380000)
 ParOldGen       total 167936K, used 193K [0x00000006ca400000, 0x00000006d4800000, 0x000000076e180000)
  object space 167936K, 0% used [0x00000006ca400000,0x00000006ca4306b0,0x00000006d4800000)
 Metaspace       used 9443K, capacity 9768K, committed 9856K, reserved 1058816K
  class space    used 1059K, capacity 1108K, committed 1152K, reserved 1048576K
}
Event: 405.666 GC heap before
{Heap before GC invocations=2 (full 0):
 PSYoungGen      total 73728K, used 73703K [0x000000076e180000, 0x0000000773380000, 0x00000007c0000000)
  eden space 63488K, 100% used [0x000000076e180000,0x0000000771f80000,0x0000000771f80000)
  from space 10240K, 99% used [0x0000000771f80000,0x0000000772979d38,0x0000000772980000)
  to   space 10240K, 0% used [0x0000000772980000,0x0000000772980000,0x0000000773380000)
 ParOldGen       total 167936K, used 193K [0x00000006ca400000, 0x00000006d4800000, 0x000000076e180000)
  object space 167936K, 0% used [0x00000006ca400000,0x00000006ca4306b0,0x00000006d4800000)
 Metaspace       used 9817K, capacity 10088K, committed 10368K, reserved 1058816K
  class space    used 1062K, capacity 1108K, committed 1152K, reserved 1048576K
Event: 405.675 GC heap after
Heap after GC invocations=2 (full 0):
 PSYoungGen      total 73728K, used 10210K [0x000000076e180000, 0x0000000773380000, 0x00000007c0000000)
  eden space 63488K, 0% used [0x000000076e180000,0x000000076e180000,0x0000000771f80000)
  from space 10240K, 99% used [0x0000000772980000,0x00000007733789b8,0x0000000773380000)
  to   space 10240K, 0% used [0x0000000771f80000,0x0000000771f80000,0x0000000772980000)
 ParOldGen       total 167936K, used 1930K [0x00000006ca400000, 0x00000006d4800000, 0x000000076e180000)
  object space 167936K, 1% used [0x00000006ca400000,0x00000006ca5e2960,0x00000006d4800000)
 Metaspace       used 9817K, capacity 10088K, committed 10368K, reserved 1058816K
  class space    used 1062K, capacity 1108K, committed 1152K, reserved 1048576K
}

