# JRE version: Java(TM) SE Runtime Environment (8.0_391) (build 1.8.0_391-b26)
# Java VM: Java HotSpot(TM) 64-Bit Server VM (25.391-b26 mixed mode windows-amd64 compressed oops)
Heap:
 PSYoungGen      total 73728K, used 51495K [0x000000076e180000, 0x0000000773380000, 0x00000007c0000000)
  eden space 63488K, 65% used [0x000000076e180000,0x00000007709d03a0,0x0000000771f80000)
  from space 10240K, 99% used [0x0000000772980000,0x00000007733799a8,0x0000000773380000)
  to   space 10240K, 0% used [0x0000000771f80000,0x0000000771f80000,0x0000000772980000)
 ParOldGen       total 167936K, used 8954K [0x00000006ca400000, 0x00000006d4800000, 0x000000076e180000)
  object space 167936K, 5% used [0x00000006ca400000,0x00000006cacbe9b0,0x00000006d4800000)
 Metaspace       used 10601K, capacity 10760K, committed 10880K, reserved 1058816K
  class space    used 1106K, capacity 1140K, committed 1152K, reserved 1048576K
GC Heap History (8 events):
Event: 118.159 GC heap before
{Heap before GC invocations=1 (full 0):
 PSYoungGen      total 73728K, used 63488K [0x000000076e180000, 0x0000000773380000, 0x00000007c0000000)
  eden space 63488K, 100% used [0x000000076e180000,0x0000000771f80000,0x0000000771f80000)
  from space 10240K, 0% used [0x0000000772980000,0x0000000772980000,0x0000000773380000)
  to   space 10240K, 0% used [0x0000000771f80000,0x0000000771f80000,0x0000000772980000)
 ParOldGen       total 167936K, used 0K [0x00000006ca400000, 0x00000006d4800000, 0x000000076e180000)
  object space 167936K, 0% used [0x00000006ca400000,0x00000006ca400000,0x00000006d4800000)
 Metaspace       used 9764K, capacity 10056K, committed 10112K, reserved 1058816K
  class space    used 1095K, capacity 1140K, committed 1152K, reserved 1048576K
Event: 118.192 GC heap after
Heap after GC invocations=1 (full 0):
 PSYoungGen      total 73728K, used 9019K [0x000000076e180000, 0x0000000773380000, 0x00000007c0000000)
  eden space 63488K, 0% used [0x000000076e180000,0x000000076e180000,0x0000000771f80000)
  from space 10240K, 88% used [0x0000000771f80000,0x000000077284eee0,0x0000000772980000)
  to   space 10240K, 0% used [0x0000000772980000,0x0000000772980000,0x0000000773380000)
 ParOldGen       total 167936K, used 24K [0x00000006ca400000, 0x00000006d4800000, 0x000000076e180000)
  object space 167936K, 0% used [0x00000006ca400000,0x00000006ca406000,0x00000006d4800000)
 Metaspace       used 9764K, capacity 10056K, committed 10112K, reserved 1058816K
  class space    used 1095K, capacity 1140K, committed 1152K, reserved 1048576K
}
Event: 212.703 GC heap before
{Heap before GC invocations=2 (full 0):
 PSYoungGen      total 73728K, used 72507K [0x000000076e180000, 0x0000000773380000, 0x00000007c0000000)
  eden space 63488K, 100% used [0x000000076e180000,0x0000000771f80000,0x0000000771f80000)
  from space 10240K, 88% used [0x0000000771f80000,0x000000077284eee0,0x0000000772980000)
  to   space 10240K, 0% used [0x0000000772980000,0x0000000772980000,0x0000000773380000)
 ParOldGen       total 167936K, used 24K [0x00000006ca400000, 0x00000006d4800000, 0x000000076e180000)
  object space 167936K, 0% used [0x00000006ca400000,0x00000006ca406000,0x00000006d4800000)
 Metaspace       used 10148K, capacity 10376K, committed 10624K, reserved 1058816K
  class space    used 1101K, capacity 1140K, committed 1152K, reserved 1048576K
Event: 212.721 GC heap after
Heap after GC invocations=2 (full 0):
 PSYoungGen      total 73728K, used 10229K [0x000000076e180000, 0x0000000773380000, 0x00000007c0000000)
  eden space 63488K, 0% used [0x000000076e180000,0x000000076e180000,0x0000000771f80000)
  from space 10240K, 99% used [0x0000000772980000,0x000000077337d680,0x0000000773380000)
  to   space 10240K, 0% used [0x0000000771f80000,0x0000000771f80000,0x0000000772980000)
 ParOldGen       total 167936K, used 1968K [0x00000006ca400000, 0x00000006d4800000, 0x000000076e180000)
  object space 167936K, 1% used [0x00000006ca400000,0x00000006ca5ec268,0x00000006d4800000)
 Metaspace       used 10148K, capacity 10376K, committed 10624K, reserved 1058816K
  class space    used 1101K, capacity 1140K, committed 1152K, reserved 1048576K
}
Event: 789.761 GC heap before
{Heap before GC invocations=3 (full 0):
 PSYoungGen      total 73728K, used 73717K [0x000000076e180000, 0x0000000773380000, 0x00000007c0000000)
  eden space 63488K, 100% used [0x000000076e180000,0x0000000771f80000,0x0000000771f80000)
  from space 10240K, 99% used [0x0000000772980000,0x000000077337d680,0x0000000773380000)
  to   space 10240K, 0% used [0x0000000771f80000,0x0000000771f80000,0x0000000772980000)
 ParOldGen       total 167936K, used 1968K [0x00000006ca400000, 0x00000006d4800000, 0x000000076e180000)
  object space 167936K, 1% used [0x00000006ca400000,0x00000006ca5ec268,0x00000006d4800000)
 Metaspace       used 10339K, capacity 10568K, committed 10624K, reserved 1058816K
  class space    used 1101K, capacity 1140K, committed 1152K, reserved 1048576K
Event: 789.776 GC heap after
Heap after GC invocations=3 (full 0):
 PSYoungGen      total 73728K, used 10210K [0x000000076e180000, 0x0000000773380000, 0x00000007c0000000)
  eden space 63488K, 0% used [0x000000076e180000,0x000000076e180000,0x0000000771f80000)
  from space 10240K, 99% used [0x0000000771f80000,0x0000000772978900,0x0000000772980000)
  to   space 10240K, 0% used [0x0000000772980000,0x0000000772980000,0x0000000773380000)
 ParOldGen       total 167936K, used 5793K [0x00000006ca400000, 0x00000006d4800000, 0x000000076e180000)
  object space 167936K, 3% used [0x00000006ca400000,0x00000006ca9a8520,0x00000006d4800000)
 Metaspace       used 10339K, capacity 10568K, committed 10624K, reserved 1058816K
  class space    used 1101K, capacity 1140K, committed 1152K, reserved 1048576K
}
Event: 1107.897 GC heap before
{Heap before GC invocations=4 (full 0):
 PSYoungGen      total 73728K, used 73698K [0x000000076e180000, 0x0000000773380000, 0x00000007c0000000)
  eden space 63488K, 100% used [0x000000076e180000,0x0000000771f80000,0x0000000771f80000)
  from space 10240K, 99% used [0x0000000771f80000,0x0000000772978900,0x0000000772980000)
  to   space 10240K, 0% used [0x0000000772980000,0x0000000772980000,0x0000000773380000)
 ParOldGen       total 167936K, used 5793K [0x00000006ca400000, 0x00000006d4800000, 0x000000076e180000)
  object space 167936K, 3% used [0x00000006ca400000,0x00000006ca9a8520,0x00000006d4800000)
 Metaspace       used 10480K, capacity 10632K, committed 10880K, reserved 1058816K
  class space    used 1101K, capacity 1140K, committed 1152K, reserved 1048576K
Event: 1107.911 GC heap after
Heap after GC invocations=4 (full 0):
 PSYoungGen      total 73728K, used 10214K [0x000000076e180000, 0x0000000773380000, 0x00000007c0000000)
  eden space 63488K, 0% used [0x000000076e180000,0x000000076e180000,0x0000000771f80000)
  from space 10240K, 99% used [0x0000000772980000,0x00000007733799a8,0x0000000773380000)
  to   space 10240K, 0% used [0x0000000771f80000,0x0000000771f80000,0x0000000772980000)
 ParOldGen       total 167936K, used 8954K [0x00000006ca400000, 0x00000006d4800000, 0x000000076e180000)
  object space 167936K, 5% used [0x00000006ca400000,0x00000006cacbe9b0,0x00000006d4800000)
 Metaspace       used 10480K, capacity 10632K, committed 10880K, reserved 1058816K
  class space    used 1101K, capacity 1140K, committed 1152K, reserved 1048576K
}

